aegis: project "Minsky.1.2.1": change 10: merging files from all baselines into
	working directory according to directory style
aegis: project "Minsky.1.2.1": change 10: user "rks" has begun development
aegis: project "Minsky.1.2.1": change 10: file "Makefile" copied
aegis: project "Minsky.1.2.1": change 10: file "Minsky.xmi" copied
aegis: project "Minsky.1.2.1": change 10: file "XGLItem.cc" copied
aegis: project "Minsky.1.2.1": change 10: file "XGLItem.h" copied
aegis: project "Minsky.1.2.1": change 10: file "aegis.conf" copied
aegis: project "Minsky.1.2.1": change 10: file "cairoItems.cc" copied
aegis: project "Minsky.1.2.1": change 10: file "cairoItems.h" copied
aegis: project "Minsky.1.2.1": change 10: file "classdesc_access.h" copied
aegis: project "Minsky.1.2.1": change 10: file "equations.cc" copied
aegis: project "Minsky.1.2.1": change 10: file "equations.h" copied
aegis: project "Minsky.1.2.1": change 10: file "examples/1Free.mky" copied
aegis: project "Minsky.1.2.1": change 10: file
	"examples/4MonetaryMinskyModelLessUnstableStart.mky" copied
aegis: project "Minsky.1.2.1": change 10: file
	"examples/4MonetaryMinskyModelLessUnstableStart.xml" copied
aegis: project "Minsky.1.2.1": change 10: file "examples/GoodwinLinear.mky"
	copied
aegis: project "Minsky.1.2.1": change 10: file "examples/GoodwinLinear.xml"
	copied
aegis: project "Minsky.1.2.1": change 10: file "examples/GoodwinLinear02.mky"
	copied
aegis: project "Minsky.1.2.1": change 10: file "examples/Steve.mky" copied
aegis: project "Minsky.1.2.1": change 10: file "examples/SteveTest028.mky"
	copied
aegis: project "Minsky.1.2.1": change 10: file "examples/UWS05.mky" copied
aegis: project "Minsky.1.2.1": change 10: file "examples/exponentialGrowth.mky"
	copied
aegis: project "Minsky.1.2.1": change 10: file
	"examples/exponentialGrowthWithExtraLabel.mky" copied
aegis: project "Minsky.1.2.1": change 10: file "godley.cc" copied
aegis: project "Minsky.1.2.1": change 10: file "godley.h" copied
aegis: project "Minsky.1.2.1": change 10: file "godley.tcl" copied
aegis: project "Minsky.1.2.1": change 10: file "godleyIcon.cc" copied
aegis: project "Minsky.1.2.1": change 10: file "godleyIcon.h" copied
aegis: project "Minsky.1.2.1": change 10: file "godleyIconItem.cc" copied
aegis: project "Minsky.1.2.1": change 10: file "group.tcl" copied
aegis: project "Minsky.1.2.1": change 10: file "groupIcon.cc" copied
aegis: project "Minsky.1.2.1": change 10: file "groupIcon.h" copied
aegis: project "Minsky.1.2.1": change 10: file "help" copied
aegis: project "Minsky.1.2.1": change 10: file "icons/Last.gif" copied
aegis: project "Minsky.1.2.1": change 10: file "icons/Pause.fig" copied
aegis: project "Minsky.1.2.1": change 10: file "icons/Pause.gif" copied
aegis: project "Minsky.1.2.1": change 10: file "icons/Play.fig" copied
aegis: project "Minsky.1.2.1": change 10: file "icons/Play.gif" copied
aegis: project "Minsky.1.2.1": change 10: file "icons/Rewind.gif" copied
aegis: project "Minsky.1.2.1": change 10: file "icons/Step.fig" copied
aegis: project "Minsky.1.2.1": change 10: file "icons/add.gif" copied
aegis: project "Minsky.1.2.1": change 10: file "icons/bank.fig" copied
aegis: project "Minsky.1.2.1": change 10: file "icons/bank.gif" copied
aegis: project "Minsky.1.2.1": change 10: file "icons/bank.xgl" copied
aegis: project "Minsky.1.2.1": change 10: file "icons/bar.fig" copied
aegis: project "Minsky.1.2.1": change 10: file "icons/const.gif" copied
aegis: project "Minsky.1.2.1": change 10: file "icons/divide.gif" copied
aegis: project "Minsky.1.2.1": change 10: file "icons/exp.gif" copied
aegis: project "Minsky.1.2.1": change 10: file "icons/group.odg" copied
aegis: project "Minsky.1.2.1": change 10: file "icons/group.svg" copied
aegis: project "Minsky.1.2.1": change 10: file "icons/group.xgl" copied
aegis: project "Minsky.1.2.1": change 10: file "icons/icons.fig" copied
aegis: project "Minsky.1.2.1": change 10: file "icons/integrate.gif" copied
aegis: project "Minsky.1.2.1": change 10: file "icons/multiply.gif" copied
aegis: project "Minsky.1.2.1": change 10: file "icons/plot.fig" copied
aegis: project "Minsky.1.2.1": change 10: file "icons/plot.gif" copied
aegis: project "Minsky.1.2.1": change 10: file "icons/stop.fig" copied
aegis: project "Minsky.1.2.1": change 10: file "icons/subtract.gif" copied
aegis: project "Minsky.1.2.1": change 10: file "icons/time.gif" copied
aegis: project "Minsky.1.2.1": change 10: file "icons/var.gif" copied
aegis: project "Minsky.1.2.1": change 10: file "init.h" copied
aegis: project "Minsky.1.2.1": change 10: file "install.bat" copied
aegis: project "Minsky.1.2.1": change 10: file "library/Xecolab.tcl" copied
aegis: project "Minsky.1.2.1": change 10: file "library/Xecolab/connect.tcl"
	copied
aegis: project "Minsky.1.2.1": change 10: file "library/Xecolab/display.tcl"
	copied
aegis: project "Minsky.1.2.1": change 10: file
	"library/Xecolab/filebrowser.tcl" copied
aegis: project "Minsky.1.2.1": change 10: file "library/Xecolab/histogram.tcl"
	copied
aegis: project "Minsky.1.2.1": change 10: file "library/Xecolab/netgraph.tcl"
	copied
aegis: project "Minsky.1.2.1": change 10: file
	"library/Xecolab/obj-browser.tcl" copied
aegis: project "Minsky.1.2.1": change 10: file "library/Xecolab/plot.tcl"
	copied
aegis: project "Minsky.1.2.1": change 10: file "library/init.tcl" copied
aegis: project "Minsky.1.2.1": change 10: file "library/tcl8/8.4/http-2.7.7.tm"
	copied
aegis: project "Minsky.1.2.1": change 10: file "library/tcl8/8.4/http-2.7.tm"
	copied
aegis: project "Minsky.1.2.1": change 10: file
	"library/tcl8/8.4/platform-1.0.10.tm" copied
aegis: project "Minsky.1.2.1": change 10: file
	"library/tcl8/8.4/platform-1.0.3.tm" copied
aegis: project "Minsky.1.2.1": change 10: file
	"library/tcl8/8.4/platform/shell-1.1.3.tm" copied
aegis: project "Minsky.1.2.1": change 10: file
	"library/tcl8/8.4/platform/shell-1.1.4.tm" copied
aegis: project "Minsky.1.2.1": change 10: file
	"library/tcl8/8.5/msgcat-1.4.2.tm" copied
aegis: project "Minsky.1.2.1": change 10: file
	"library/tcl8/8.5/msgcat-1.4.4.tm" copied
aegis: project "Minsky.1.2.1": change 10: file
	"library/tcl8/8.5/tcltest-2.3.0.tm" copied
aegis: project "Minsky.1.2.1": change 10: file
	"library/tcl8/8.5/tcltest-2.3.3.tm" copied
aegis: project "Minsky.1.2.1": change 10: file "library/tooltip.tcl" copied
aegis: project "Minsky.1.2.1": change 10: file "minsky.app/Contents/Info.plist"
	copied
aegis: project "Minsky.1.2.1": change 10: file "minsky.cc" copied
aegis: project "Minsky.1.2.1": change 10: file "minsky.h" copied
aegis: project "Minsky.1.2.1": change 10: file "minsky.tcl" copied
aegis: project "Minsky.1.2.1": change 10: file "operation.cc" copied
aegis: project "Minsky.1.2.1": change 10: file "operation.h" copied
aegis: project "Minsky.1.2.1": change 10: file "plotWidget.cc" copied
aegis: project "Minsky.1.2.1": change 10: file "plotWidget.h" copied
aegis: project "Minsky.1.2.1": change 10: file "plots.tcl" copied
aegis: project "Minsky.1.2.1": change 10: file "polyBase.h" copied
aegis: project "Minsky.1.2.1": change 10: file "port.cc" copied
aegis: project "Minsky.1.2.1": change 10: file "port.h" copied
aegis: project "Minsky.1.2.1": change 10: file "portManager.cc" copied
aegis: project "Minsky.1.2.1": change 10: file "portManager.h" copied
aegis: project "Minsky.1.2.1": change 10: file "schema/schema0.cc" copied
aegis: project "Minsky.1.2.1": change 10: file "schema/schema0.h" copied
aegis: project "Minsky.1.2.1": change 10: file "schema/schema1.cc" copied
aegis: project "Minsky.1.2.1": change 10: file "schema/schema1.h" copied
aegis: project "Minsky.1.2.1": change 10: file "schema/schemaHelper.h" copied
aegis: project "Minsky.1.2.1": change 10: file "tclmain.cc" copied
aegis: project "Minsky.1.2.1": change 10: file "test/00/t0001a.sh" copied
aegis: project "Minsky.1.2.1": change 10: file "test/00/t0002a.sh" copied
aegis: project "Minsky.1.2.1": change 10: file "test/00/t0003a.sh" copied
aegis: project "Minsky.1.2.1": change 10: file "test/00/t0004a.sh" copied
aegis: project "Minsky.1.2.1": change 10: file "test/00/t0005a.sh" copied
aegis: project "Minsky.1.2.1": change 10: file "test/00/t0006a.sh" copied
aegis: project "Minsky.1.2.1": change 10: file "test/Makefile" copied
aegis: project "Minsky.1.2.1": change 10: file "test/assert.tcl" copied
aegis: project "Minsky.1.2.1": change 10: file "test/checkMissing.sh" copied
aegis: project "Minsky.1.2.1": change 10: file "test/main.cc" copied
aegis: project "Minsky.1.2.1": change 10: file "test/rewriteMky.tcl" copied
aegis: project "Minsky.1.2.1": change 10: file "test/testEq.mky" copied
aegis: project "Minsky.1.2.1": change 10: file "test/testEq.tcl" copied
aegis: project "Minsky.1.2.1": change 10: file "test/testEqPrototype.tex"
	copied
aegis: project "Minsky.1.2.1": change 10: file "test/testMinsky.cc" copied
aegis: project "Minsky.1.2.1": change 10: file "test/testtestEq.tex" copied
aegis: project "Minsky.1.2.1": change 10: file "uninstall.bat" copied
aegis: project "Minsky.1.2.1": change 10: file "variable.cc" copied
aegis: project "Minsky.1.2.1": change 10: file "variable.h" copied
aegis: project "Minsky.1.2.1": change 10: file "variableManager.cc" copied
aegis: project "Minsky.1.2.1": change 10: file "variableManager.h" copied
aegis: project "Minsky.1.2.1": change 10: file "variableValue.cc" copied
aegis: project "Minsky.1.2.1": change 10: file "variableValue.h" copied
aegis: project "Minsky.1.2.1": change 10: file "windows/Shortcut.exe" copied
aegis: project "Minsky.1.2.1": change 10: file "wire.h" copied
aegis: project "Minsky.1.2.1": change 10: file "wiring.tcl" copied
aegis: project "Minsky.1.2.1": change 10: copied 126 files
